This file contains any messages produced by compilers while
running configure, to aid debugging if configure makes a mistake.

It was created by stp configure 1.0, which was
generated by GNU Autoconf 2.63.  Invocation command line was

  $ ./configure 

## --------- ##
## Platform. ##
## --------- ##

hostname = C-T-store-27
uname -m = x86_64
uname -r = 2.6.27.19-5-default
uname -s = Linux
uname -v = #1 SMP 2009-02-28 04:40:21 +0100

/usr/bin/uname -p = unknown
/bin/uname -X     = unknown

/bin/arch              = x86_64
/usr/bin/arch -k       = unknown
/usr/convex/getsysinfo = unknown
/usr/bin/hostinfo      = unknown
/bin/machine           = unknown
/usr/bin/oslevel       = unknown
/bin/universe          = unknown

PATH: /usr/lib64/mpi/gcc/openmpi/bin
PATH: /sbin
PATH: /usr/sbin
PATH: /usr/local/sbin
PATH: /root/bin
PATH: /usr/local/bin
PATH: /usr/bin
PATH: /bin
PATH: /usr/bin/X11
PATH: /usr/X11R6/bin
PATH: /usr/games
PATH: /usr/lib/mit/bin
PATH: /usr/lib/mit/sbin
PATH: /usr/local/mysql/bin
PATH: /usr/local/unixODBC/bin


## ----------- ##
## Core tests. ##
## ----------- ##

configure:1857: checking for a BSD-compatible install
configure:1925: result: /usr/bin/install -c
configure:1936: checking whether build environment is sane
configure:1979: result: yes
configure:2004: checking for a thread-safe mkdir -p
configure:2043: result: /bin/mkdir -p
configure:2056: checking for gawk
configure:2072: found /usr/bin/gawk
configure:2083: result: gawk
configure:2094: checking whether make sets $(MAKE)
configure:2116: result: yes
configure:2350: checking for gcc
configure:2366: found /usr/bin/gcc
configure:2377: result: gcc
configure:2609: checking for C compiler version
configure:2617: gcc --version >&5
gcc (SUSE Linux) 4.3.2 [gcc-4_3-branch revision 141291]
Copyright (C) 2008 Free Software Foundation, Inc.
This is free software; see the source for copying conditions.  There is NO
warranty; not even for MERCHANTABILITY or FITNESS FOR A PARTICULAR PURPOSE.

configure:2621: $? = 0
configure:2628: gcc -v >&5
Using built-in specs.
Target: x86_64-suse-linux
Configured with: ../configure --prefix=/usr --infodir=/usr/share/info --mandir=/usr/share/man --libdir=/usr/lib64 --libexecdir=/usr/lib64 --enable-languages=c,c++,objc,fortran,obj-c++,java,ada --enable-checking=release --with-gxx-include-dir=/usr/include/c++/4.3 --enable-ssp --disable-libssp --with-bugurl=http://bugs.opensuse.org/ --with-pkgversion='SUSE Linux' --disable-libgcj --disable-libmudflap --with-slibdir=/lib64 --with-system-zlib --enable-__cxa_atexit --enable-libstdcxx-allocator=new --disable-libstdcxx-pch --enable-version-specific-runtime-libs --program-suffix=-4.3 --enable-linux-futex --without-system-libunwind --with-cpu=generic --build=x86_64-suse-linux
Thread model: posix
gcc version 4.3.2 [gcc-4_3-branch revision 141291] (SUSE Linux) 
configure:2632: $? = 0
configure:2639: gcc -V >&5
gcc: '-V' option must have argument
configure:2643: $? = 1
configure:2666: checking for C compiler default output file name
configure:2688: gcc -g -O0 -Werror   conftest.c  >&5
configure:2692: $? = 0
configure:2730: result: a.out
configure:2749: checking whether the C compiler works
configure:2759: ./a.out
configure:2763: $? = 0
configure:2782: result: yes
configure:2789: checking whether we are cross compiling
configure:2791: result: no
configure:2794: checking for suffix of executables
configure:2801: gcc -o conftest -g -O0 -Werror   conftest.c  >&5
configure:2805: $? = 0
configure:2831: result: 
configure:2837: checking for suffix of object files
configure:2863: gcc -c -g -O0 -Werror  conftest.c >&5
configure:2867: $? = 0
configure:2892: result: o
configure:2896: checking whether we are using the GNU C compiler
configure:2925: gcc -c -g -O0 -Werror  conftest.c >&5
configure:2932: $? = 0
configure:2949: result: yes
configure:2958: checking whether gcc accepts -g
configure:2988: gcc -c -g  conftest.c >&5
configure:2995: $? = 0
configure:3096: result: yes
configure:3113: checking for gcc option to accept ISO C89
configure:3187: gcc  -c -g -O0 -Werror  conftest.c >&5
configure:3194: $? = 0
configure:3217: result: none needed
configure:3278: checking for ranlib
configure:3294: found /usr/bin/ranlib
configure:3305: result: ranlib
configure:3328: checking whether gcc and cc understand -c and -o together
configure:3363: gcc -c conftest.c -o conftest2.o >&5
configure:3367: $? = 0
configure:3373: gcc -c conftest.c -o conftest2.o >&5
configure:3377: $? = 0
configure:3388: cc -c conftest.c >&5
configure:3392: $? = 0
configure:3400: cc -c conftest.c -o conftest2.o >&5
configure:3404: $? = 0
configure:3410: cc -c conftest.c -o conftest2.o >&5
configure:3414: $? = 0
configure:3432: result: yes
configure:3460: checking for library containing pthread_create
configure:3501: gcc -o conftest -g -O0 -Werror   conftest.c  >&5
/tmp/ccaJ9SBi.o: In function `main':
/home/lpc/sw/stp_sw/conftest.c:21: undefined reference to `pthread_create'
collect2: ld returned 1 exit status
configure:3508: $? = 1
configure: failed program was:
| /* confdefs.h.  */
| #define PACKAGE_NAME "stp"
| #define PACKAGE_TARNAME "stp"
| #define PACKAGE_VERSION "1.0"
| #define PACKAGE_STRING "stp 1.0"
| #define PACKAGE_BUGREPORT "lvpengcheng6300@gmail.com"
| #define PACKAGE "stp"
| #define VERSION "1.0"
| /* end confdefs.h.  */
| 
| /* Override any GCC internal prototype to avoid an error.
|    Use char because int might match the return type of a GCC
|    builtin and then its argument prototype would still apply.  */
| #ifdef __cplusplus
| extern "C"
| #endif
| char pthread_create ();
| int
| main ()
| {
| return pthread_create ();
|   ;
|   return 0;
| }
configure:3501: gcc -o conftest -g -O0 -Werror   conftest.c -lpthread   >&5
configure:3508: $? = 0
configure:3539: result: -lpthread
configure:3551: checking __sync_fetch_and_add
configure:3576: gcc -o conftest -g -O0 -Werror   conftest.c -lpthread  >&5
conftest.c:14: error: redefinition of 'main'
conftest.c:11: error: previous definition of 'main' was here
configure:3583: $? = 1
configure: failed program was:
| /* confdefs.h.  */
| #define PACKAGE_NAME "stp"
| #define PACKAGE_TARNAME "stp"
| #define PACKAGE_VERSION "1.0"
| #define PACKAGE_STRING "stp 1.0"
| #define PACKAGE_BUGREPORT "lvpengcheng6300@gmail.com"
| #define PACKAGE "stp"
| #define VERSION "1.0"
| /* end confdefs.h.  */
| 
|  int main(void) { return __sync_fetch_and_add((int *)0,0);}
| 
| int
| main ()
| {
| 
|   ;
|   return 0;
| }
configure:3597: result: no
configure:3611: checking how to run the C preprocessor
configure:3651: gcc -E  conftest.c
configure:3658: $? = 0
configure:3689: gcc -E  conftest.c
conftest.c:10:28: error: ac_nonexistent.h: No such file or directory
configure:3696: $? = 1
configure: failed program was:
| /* confdefs.h.  */
| #define PACKAGE_NAME "stp"
| #define PACKAGE_TARNAME "stp"
| #define PACKAGE_VERSION "1.0"
| #define PACKAGE_STRING "stp 1.0"
| #define PACKAGE_BUGREPORT "lvpengcheng6300@gmail.com"
| #define PACKAGE "stp"
| #define VERSION "1.0"
| /* end confdefs.h.  */
| #include <ac_nonexistent.h>
configure:3729: result: gcc -E
configure:3758: gcc -E  conftest.c
configure:3765: $? = 0
configure:3796: gcc -E  conftest.c
conftest.c:10:28: error: ac_nonexistent.h: No such file or directory
configure:3803: $? = 1
configure: failed program was:
| /* confdefs.h.  */
| #define PACKAGE_NAME "stp"
| #define PACKAGE_TARNAME "stp"
| #define PACKAGE_VERSION "1.0"
| #define PACKAGE_STRING "stp 1.0"
| #define PACKAGE_BUGREPORT "lvpengcheng6300@gmail.com"
| #define PACKAGE "stp"
| #define VERSION "1.0"
| /* end confdefs.h.  */
| #include <ac_nonexistent.h>
configure:3843: checking for grep that handles long lines and -e
configure:3903: result: /usr/bin/grep
configure:3908: checking for egrep
configure:3972: result: /usr/bin/grep -E
configure:3977: checking for ANSI C header files
configure:4007: gcc -c -g -O0 -Werror  conftest.c >&5
configure:4014: $? = 0
configure:4113: gcc -o conftest -g -O0 -Werror   conftest.c -lpthread  >&5
configure:4117: $? = 0
configure:4123: ./conftest
configure:4127: $? = 0
configure:4145: result: yes
configure:4169: checking for sys/types.h
configure:4190: gcc -c -g -O0 -Werror  conftest.c >&5
configure:4197: $? = 0
configure:4214: result: yes
configure:4169: checking for sys/stat.h
configure:4190: gcc -c -g -O0 -Werror  conftest.c >&5
configure:4197: $? = 0
configure:4214: result: yes
configure:4169: checking for stdlib.h
configure:4190: gcc -c -g -O0 -Werror  conftest.c >&5
configure:4197: $? = 0
configure:4214: result: yes
configure:4169: checking for string.h
configure:4190: gcc -c -g -O0 -Werror  conftest.c >&5
configure:4197: $? = 0
configure:4214: result: yes
configure:4169: checking for memory.h
configure:4190: gcc -c -g -O0 -Werror  conftest.c >&5
configure:4197: $? = 0
configure:4214: result: yes
configure:4169: checking for strings.h
configure:4190: gcc -c -g -O0 -Werror  conftest.c >&5
configure:4197: $? = 0
configure:4214: result: yes
configure:4169: checking for inttypes.h
configure:4190: gcc -c -g -O0 -Werror  conftest.c >&5
configure:4197: $? = 0
configure:4214: result: yes
configure:4169: checking for stdint.h
configure:4190: gcc -c -g -O0 -Werror  conftest.c >&5
configure:4197: $? = 0
configure:4214: result: yes
configure:4169: checking for unistd.h
configure:4190: gcc -c -g -O0 -Werror  conftest.c >&5
configure:4197: $? = 0
configure:4214: result: yes
configure:4254: checking fcntl.h usability
configure:4271: gcc -c -g -O0 -Werror  conftest.c >&5
configure:4278: $? = 0
configure:4292: result: yes
configure:4296: checking fcntl.h presence
configure:4311: gcc -E  conftest.c
configure:4318: $? = 0
configure:4332: result: yes
configure:4365: checking for fcntl.h
configure:4374: result: yes
configure:4254: checking limits.h usability
configure:4271: gcc -c -g -O0 -Werror  conftest.c >&5
configure:4278: $? = 0
configure:4292: result: yes
configure:4296: checking limits.h presence
configure:4311: gcc -E  conftest.c
configure:4318: $? = 0
configure:4332: result: yes
configure:4365: checking for limits.h
configure:4374: result: yes
configure:4243: checking for stdint.h
configure:4250: result: yes
configure:4243: checking for stdlib.h
configure:4250: result: yes
configure:4243: checking for string.h
configure:4250: result: yes
configure:4243: checking for unistd.h
configure:4250: result: yes
configure:4254: checking sys/mman.h usability
configure:4271: gcc -c -g -O0 -Werror  conftest.c >&5
configure:4278: $? = 0
configure:4292: result: yes
configure:4296: checking sys/mman.h presence
configure:4311: gcc -E  conftest.c
configure:4318: $? = 0
configure:4332: result: yes
configure:4365: checking for sys/mman.h
configure:4374: result: yes
configure:4254: checking pthread.h usability
configure:4271: gcc -c -g -O0 -Werror  conftest.c >&5
configure:4278: $? = 0
configure:4292: result: yes
configure:4296: checking pthread.h presence
configure:4311: gcc -E  conftest.c
configure:4318: $? = 0
configure:4332: result: yes
configure:4365: checking for pthread.h
configure:4374: result: yes
configure:4243: checking for sys/types.h
configure:4250: result: yes
configure:4254: checking semaphore.h usability
configure:4271: gcc -c -g -O0 -Werror  conftest.c >&5
configure:4278: $? = 0
configure:4292: result: yes
configure:4296: checking semaphore.h presence
configure:4311: gcc -E  conftest.c
configure:4318: $? = 0
configure:4332: result: yes
configure:4365: checking for semaphore.h
configure:4374: result: yes
configure:4243: checking for sys/stat.h
configure:4250: result: yes
configure:4393: checking for inline
configure:4419: gcc -c -g -O0 -Werror  conftest.c >&5
configure:4426: $? = 0
configure:4444: result: inline
configure:4464: checking for int16_t
configure:4495: gcc -c -g -O0 -Werror  conftest.c >&5
configure:4502: $? = 0
configure:4531: gcc -c -g -O0 -Werror  conftest.c >&5
conftest.c: In function 'main':
conftest.c:68: error: size of array 'test_array' is negative
configure:4538: $? = 1
configure: failed program was:
| /* confdefs.h.  */
| #define PACKAGE_NAME "stp"
| #define PACKAGE_TARNAME "stp"
| #define PACKAGE_VERSION "1.0"
| #define PACKAGE_STRING "stp 1.0"
| #define PACKAGE_BUGREPORT "lvpengcheng6300@gmail.com"
| #define PACKAGE "stp"
| #define VERSION "1.0"
| #define STDC_HEADERS 1
| #define HAVE_SYS_TYPES_H 1
| #define HAVE_SYS_STAT_H 1
| #define HAVE_STDLIB_H 1
| #define HAVE_STRING_H 1
| #define HAVE_MEMORY_H 1
| #define HAVE_STRINGS_H 1
| #define HAVE_INTTYPES_H 1
| #define HAVE_STDINT_H 1
| #define HAVE_UNISTD_H 1
| #define HAVE_FCNTL_H 1
| #define HAVE_LIMITS_H 1
| #define HAVE_STDINT_H 1
| #define HAVE_STDLIB_H 1
| #define HAVE_STRING_H 1
| #define HAVE_UNISTD_H 1
| #define HAVE_SYS_MMAN_H 1
| #define HAVE_PTHREAD_H 1
| #define HAVE_SYS_TYPES_H 1
| #define HAVE_SEMAPHORE_H 1
| #define HAVE_SYS_STAT_H 1
| /* end confdefs.h.  */
| #include <stdio.h>
| #ifdef HAVE_SYS_TYPES_H
| # include <sys/types.h>
| #endif
| #ifdef HAVE_SYS_STAT_H
| # include <sys/stat.h>
| #endif
| #ifdef STDC_HEADERS
| # include <stdlib.h>
| # include <stddef.h>
| #else
| # ifdef HAVE_STDLIB_H
| #  include <stdlib.h>
| # endif
| #endif
| #ifdef HAVE_STRING_H
| # if !defined STDC_HEADERS && defined HAVE_MEMORY_H
| #  include <memory.h>
| # endif
| # include <string.h>
| #endif
| #ifdef HAVE_STRINGS_H
| # include <strings.h>
| #endif
| #ifdef HAVE_INTTYPES_H
| # include <inttypes.h>
| #endif
| #ifdef HAVE_STDINT_H
| # include <stdint.h>
| #endif
| #ifdef HAVE_UNISTD_H
| # include <unistd.h>
| #endif
| int
| main ()
| {
| static int test_array [1 - 2 * !((int16_t) ((((int16_t) 1 << (16 - 2)) - 1) * 2 + 1)
| 		 < (int16_t) ((((int16_t) 1 << (16 - 2)) - 1) * 2 + 2))];
| test_array [0] = 0
| 
|   ;
|   return 0;
| }
configure:4567: result: yes
configure:4580: checking for int32_t
configure:4611: gcc -c -g -O0 -Werror  conftest.c >&5
configure:4618: $? = 0
configure:4647: gcc -c -g -O0 -Werror  conftest.c >&5
cc1: warnings being treated as errors
conftest.c: In function 'main':
conftest.c:68: error: integer overflow in expression
conftest.c:68: error: size of array 'test_array' is negative
configure:4654: $? = 1
configure: failed program was:
| /* confdefs.h.  */
| #define PACKAGE_NAME "stp"
| #define PACKAGE_TARNAME "stp"
| #define PACKAGE_VERSION "1.0"
| #define PACKAGE_STRING "stp 1.0"
| #define PACKAGE_BUGREPORT "lvpengcheng6300@gmail.com"
| #define PACKAGE "stp"
| #define VERSION "1.0"
| #define STDC_HEADERS 1
| #define HAVE_SYS_TYPES_H 1
| #define HAVE_SYS_STAT_H 1
| #define HAVE_STDLIB_H 1
| #define HAVE_STRING_H 1
| #define HAVE_MEMORY_H 1
| #define HAVE_STRINGS_H 1
| #define HAVE_INTTYPES_H 1
| #define HAVE_STDINT_H 1
| #define HAVE_UNISTD_H 1
| #define HAVE_FCNTL_H 1
| #define HAVE_LIMITS_H 1
| #define HAVE_STDINT_H 1
| #define HAVE_STDLIB_H 1
| #define HAVE_STRING_H 1
| #define HAVE_UNISTD_H 1
| #define HAVE_SYS_MMAN_H 1
| #define HAVE_PTHREAD_H 1
| #define HAVE_SYS_TYPES_H 1
| #define HAVE_SEMAPHORE_H 1
| #define HAVE_SYS_STAT_H 1
| /* end confdefs.h.  */
| #include <stdio.h>
| #ifdef HAVE_SYS_TYPES_H
| # include <sys/types.h>
| #endif
| #ifdef HAVE_SYS_STAT_H
| # include <sys/stat.h>
| #endif
| #ifdef STDC_HEADERS
| # include <stdlib.h>
| # include <stddef.h>
| #else
| # ifdef HAVE_STDLIB_H
| #  include <stdlib.h>
| # endif
| #endif
| #ifdef HAVE_STRING_H
| # if !defined STDC_HEADERS && defined HAVE_MEMORY_H
| #  include <memory.h>
| # endif
| # include <string.h>
| #endif
| #ifdef HAVE_STRINGS_H
| # include <strings.h>
| #endif
| #ifdef HAVE_INTTYPES_H
| # include <inttypes.h>
| #endif
| #ifdef HAVE_STDINT_H
| # include <stdint.h>
| #endif
| #ifdef HAVE_UNISTD_H
| # include <unistd.h>
| #endif
| int
| main ()
| {
| static int test_array [1 - 2 * !((int32_t) ((((int32_t) 1 << (32 - 2)) - 1) * 2 + 1)
| 		 < (int32_t) ((((int32_t) 1 << (32 - 2)) - 1) * 2 + 2))];
| test_array [0] = 0
| 
|   ;
|   return 0;
| }
configure:4683: result: yes
configure:4696: checking for int64_t
configure:4727: gcc -c -g -O0 -Werror  conftest.c >&5
configure:4734: $? = 0
configure:4763: gcc -c -g -O0 -Werror  conftest.c >&5
cc1: warnings being treated as errors
conftest.c: In function 'main':
conftest.c:68: error: integer overflow in expression
conftest.c:68: error: size of array 'test_array' is negative
configure:4770: $? = 1
configure: failed program was:
| /* confdefs.h.  */
| #define PACKAGE_NAME "stp"
| #define PACKAGE_TARNAME "stp"
| #define PACKAGE_VERSION "1.0"
| #define PACKAGE_STRING "stp 1.0"
| #define PACKAGE_BUGREPORT "lvpengcheng6300@gmail.com"
| #define PACKAGE "stp"
| #define VERSION "1.0"
| #define STDC_HEADERS 1
| #define HAVE_SYS_TYPES_H 1
| #define HAVE_SYS_STAT_H 1
| #define HAVE_STDLIB_H 1
| #define HAVE_STRING_H 1
| #define HAVE_MEMORY_H 1
| #define HAVE_STRINGS_H 1
| #define HAVE_INTTYPES_H 1
| #define HAVE_STDINT_H 1
| #define HAVE_UNISTD_H 1
| #define HAVE_FCNTL_H 1
| #define HAVE_LIMITS_H 1
| #define HAVE_STDINT_H 1
| #define HAVE_STDLIB_H 1
| #define HAVE_STRING_H 1
| #define HAVE_UNISTD_H 1
| #define HAVE_SYS_MMAN_H 1
| #define HAVE_PTHREAD_H 1
| #define HAVE_SYS_TYPES_H 1
| #define HAVE_SEMAPHORE_H 1
| #define HAVE_SYS_STAT_H 1
| /* end confdefs.h.  */
| #include <stdio.h>
| #ifdef HAVE_SYS_TYPES_H
| # include <sys/types.h>
| #endif
| #ifdef HAVE_SYS_STAT_H
| # include <sys/stat.h>
| #endif
| #ifdef STDC_HEADERS
| # include <stdlib.h>
| # include <stddef.h>
| #else
| # ifdef HAVE_STDLIB_H
| #  include <stdlib.h>
| # endif
| #endif
| #ifdef HAVE_STRING_H
| # if !defined STDC_HEADERS && defined HAVE_MEMORY_H
| #  include <memory.h>
| # endif
| # include <string.h>
| #endif
| #ifdef HAVE_STRINGS_H
| # include <strings.h>
| #endif
| #ifdef HAVE_INTTYPES_H
| # include <inttypes.h>
| #endif
| #ifdef HAVE_STDINT_H
| # include <stdint.h>
| #endif
| #ifdef HAVE_UNISTD_H
| # include <unistd.h>
| #endif
| int
| main ()
| {
| static int test_array [1 - 2 * !((int64_t) ((((int64_t) 1 << (64 - 2)) - 1) * 2 + 1)
| 		 < (int64_t) ((((int64_t) 1 << (64 - 2)) - 1) * 2 + 2))];
| test_array [0] = 0
| 
|   ;
|   return 0;
| }
configure:4799: result: yes
configure:4812: checking for int8_t
configure:4843: gcc -c -g -O0 -Werror  conftest.c >&5
configure:4850: $? = 0
configure:4879: gcc -c -g -O0 -Werror  conftest.c >&5
conftest.c: In function 'main':
conftest.c:68: error: size of array 'test_array' is negative
configure:4886: $? = 1
configure: failed program was:
| /* confdefs.h.  */
| #define PACKAGE_NAME "stp"
| #define PACKAGE_TARNAME "stp"
| #define PACKAGE_VERSION "1.0"
| #define PACKAGE_STRING "stp 1.0"
| #define PACKAGE_BUGREPORT "lvpengcheng6300@gmail.com"
| #define PACKAGE "stp"
| #define VERSION "1.0"
| #define STDC_HEADERS 1
| #define HAVE_SYS_TYPES_H 1
| #define HAVE_SYS_STAT_H 1
| #define HAVE_STDLIB_H 1
| #define HAVE_STRING_H 1
| #define HAVE_MEMORY_H 1
| #define HAVE_STRINGS_H 1
| #define HAVE_INTTYPES_H 1
| #define HAVE_STDINT_H 1
| #define HAVE_UNISTD_H 1
| #define HAVE_FCNTL_H 1
| #define HAVE_LIMITS_H 1
| #define HAVE_STDINT_H 1
| #define HAVE_STDLIB_H 1
| #define HAVE_STRING_H 1
| #define HAVE_UNISTD_H 1
| #define HAVE_SYS_MMAN_H 1
| #define HAVE_PTHREAD_H 1
| #define HAVE_SYS_TYPES_H 1
| #define HAVE_SEMAPHORE_H 1
| #define HAVE_SYS_STAT_H 1
| /* end confdefs.h.  */
| #include <stdio.h>
| #ifdef HAVE_SYS_TYPES_H
| # include <sys/types.h>
| #endif
| #ifdef HAVE_SYS_STAT_H
| # include <sys/stat.h>
| #endif
| #ifdef STDC_HEADERS
| # include <stdlib.h>
| # include <stddef.h>
| #else
| # ifdef HAVE_STDLIB_H
| #  include <stdlib.h>
| # endif
| #endif
| #ifdef HAVE_STRING_H
| # if !defined STDC_HEADERS && defined HAVE_MEMORY_H
| #  include <memory.h>
| # endif
| # include <string.h>
| #endif
| #ifdef HAVE_STRINGS_H
| # include <strings.h>
| #endif
| #ifdef HAVE_INTTYPES_H
| # include <inttypes.h>
| #endif
| #ifdef HAVE_STDINT_H
| # include <stdint.h>
| #endif
| #ifdef HAVE_UNISTD_H
| # include <unistd.h>
| #endif
| int
| main ()
| {
| static int test_array [1 - 2 * !((int8_t) ((((int8_t) 1 << (8 - 2)) - 1) * 2 + 1)
| 		 < (int8_t) ((((int8_t) 1 << (8 - 2)) - 1) * 2 + 2))];
| test_array [0] = 0
| 
|   ;
|   return 0;
| }
configure:4915: result: yes
configure:4927: checking for mode_t
configure:4955: gcc -c -g -O0 -Werror  conftest.c >&5
configure:4962: $? = 0
configure:4989: gcc -c -g -O0 -Werror  conftest.c >&5
conftest.c: In function 'main':
conftest.c:67: error: expected expression before ')' token
configure:4996: $? = 1
configure: failed program was:
| /* confdefs.h.  */
| #define PACKAGE_NAME "stp"
| #define PACKAGE_TARNAME "stp"
| #define PACKAGE_VERSION "1.0"
| #define PACKAGE_STRING "stp 1.0"
| #define PACKAGE_BUGREPORT "lvpengcheng6300@gmail.com"
| #define PACKAGE "stp"
| #define VERSION "1.0"
| #define STDC_HEADERS 1
| #define HAVE_SYS_TYPES_H 1
| #define HAVE_SYS_STAT_H 1
| #define HAVE_STDLIB_H 1
| #define HAVE_STRING_H 1
| #define HAVE_MEMORY_H 1
| #define HAVE_STRINGS_H 1
| #define HAVE_INTTYPES_H 1
| #define HAVE_STDINT_H 1
| #define HAVE_UNISTD_H 1
| #define HAVE_FCNTL_H 1
| #define HAVE_LIMITS_H 1
| #define HAVE_STDINT_H 1
| #define HAVE_STDLIB_H 1
| #define HAVE_STRING_H 1
| #define HAVE_UNISTD_H 1
| #define HAVE_SYS_MMAN_H 1
| #define HAVE_PTHREAD_H 1
| #define HAVE_SYS_TYPES_H 1
| #define HAVE_SEMAPHORE_H 1
| #define HAVE_SYS_STAT_H 1
| /* end confdefs.h.  */
| #include <stdio.h>
| #ifdef HAVE_SYS_TYPES_H
| # include <sys/types.h>
| #endif
| #ifdef HAVE_SYS_STAT_H
| # include <sys/stat.h>
| #endif
| #ifdef STDC_HEADERS
| # include <stdlib.h>
| # include <stddef.h>
| #else
| # ifdef HAVE_STDLIB_H
| #  include <stdlib.h>
| # endif
| #endif
| #ifdef HAVE_STRING_H
| # if !defined STDC_HEADERS && defined HAVE_MEMORY_H
| #  include <memory.h>
| # endif
| # include <string.h>
| #endif
| #ifdef HAVE_STRINGS_H
| # include <strings.h>
| #endif
| #ifdef HAVE_INTTYPES_H
| # include <inttypes.h>
| #endif
| #ifdef HAVE_STDINT_H
| # include <stdint.h>
| #endif
| #ifdef HAVE_UNISTD_H
| # include <unistd.h>
| #endif
| int
| main ()
| {
| if (sizeof ((mode_t)))
| 	  return 0;
|   ;
|   return 0;
| }
configure:5019: result: yes
configure:5031: checking for off_t
configure:5059: gcc -c -g -O0 -Werror  conftest.c >&5
configure:5066: $? = 0
configure:5093: gcc -c -g -O0 -Werror  conftest.c >&5
conftest.c: In function 'main':
conftest.c:67: error: expected expression before ')' token
configure:5100: $? = 1
configure: failed program was:
| /* confdefs.h.  */
| #define PACKAGE_NAME "stp"
| #define PACKAGE_TARNAME "stp"
| #define PACKAGE_VERSION "1.0"
| #define PACKAGE_STRING "stp 1.0"
| #define PACKAGE_BUGREPORT "lvpengcheng6300@gmail.com"
| #define PACKAGE "stp"
| #define VERSION "1.0"
| #define STDC_HEADERS 1
| #define HAVE_SYS_TYPES_H 1
| #define HAVE_SYS_STAT_H 1
| #define HAVE_STDLIB_H 1
| #define HAVE_STRING_H 1
| #define HAVE_MEMORY_H 1
| #define HAVE_STRINGS_H 1
| #define HAVE_INTTYPES_H 1
| #define HAVE_STDINT_H 1
| #define HAVE_UNISTD_H 1
| #define HAVE_FCNTL_H 1
| #define HAVE_LIMITS_H 1
| #define HAVE_STDINT_H 1
| #define HAVE_STDLIB_H 1
| #define HAVE_STRING_H 1
| #define HAVE_UNISTD_H 1
| #define HAVE_SYS_MMAN_H 1
| #define HAVE_PTHREAD_H 1
| #define HAVE_SYS_TYPES_H 1
| #define HAVE_SEMAPHORE_H 1
| #define HAVE_SYS_STAT_H 1
| /* end confdefs.h.  */
| #include <stdio.h>
| #ifdef HAVE_SYS_TYPES_H
| # include <sys/types.h>
| #endif
| #ifdef HAVE_SYS_STAT_H
| # include <sys/stat.h>
| #endif
| #ifdef STDC_HEADERS
| # include <stdlib.h>
| # include <stddef.h>
| #else
| # ifdef HAVE_STDLIB_H
| #  include <stdlib.h>
| # endif
| #endif
| #ifdef HAVE_STRING_H
| # if !defined STDC_HEADERS && defined HAVE_MEMORY_H
| #  include <memory.h>
| # endif
| # include <string.h>
| #endif
| #ifdef HAVE_STRINGS_H
| # include <strings.h>
| #endif
| #ifdef HAVE_INTTYPES_H
| # include <inttypes.h>
| #endif
| #ifdef HAVE_STDINT_H
| # include <stdint.h>
| #endif
| #ifdef HAVE_UNISTD_H
| # include <unistd.h>
| #endif
| int
| main ()
| {
| if (sizeof ((off_t)))
| 	  return 0;
|   ;
|   return 0;
| }
configure:5123: result: yes
configure:5135: checking for size_t
configure:5163: gcc -c -g -O0 -Werror  conftest.c >&5
configure:5170: $? = 0
configure:5197: gcc -c -g -O0 -Werror  conftest.c >&5
conftest.c: In function 'main':
conftest.c:67: error: expected expression before ')' token
configure:5204: $? = 1
configure: failed program was:
| /* confdefs.h.  */
| #define PACKAGE_NAME "stp"
| #define PACKAGE_TARNAME "stp"
| #define PACKAGE_VERSION "1.0"
| #define PACKAGE_STRING "stp 1.0"
| #define PACKAGE_BUGREPORT "lvpengcheng6300@gmail.com"
| #define PACKAGE "stp"
| #define VERSION "1.0"
| #define STDC_HEADERS 1
| #define HAVE_SYS_TYPES_H 1
| #define HAVE_SYS_STAT_H 1
| #define HAVE_STDLIB_H 1
| #define HAVE_STRING_H 1
| #define HAVE_MEMORY_H 1
| #define HAVE_STRINGS_H 1
| #define HAVE_INTTYPES_H 1
| #define HAVE_STDINT_H 1
| #define HAVE_UNISTD_H 1
| #define HAVE_FCNTL_H 1
| #define HAVE_LIMITS_H 1
| #define HAVE_STDINT_H 1
| #define HAVE_STDLIB_H 1
| #define HAVE_STRING_H 1
| #define HAVE_UNISTD_H 1
| #define HAVE_SYS_MMAN_H 1
| #define HAVE_PTHREAD_H 1
| #define HAVE_SYS_TYPES_H 1
| #define HAVE_SEMAPHORE_H 1
| #define HAVE_SYS_STAT_H 1
| /* end confdefs.h.  */
| #include <stdio.h>
| #ifdef HAVE_SYS_TYPES_H
| # include <sys/types.h>
| #endif
| #ifdef HAVE_SYS_STAT_H
| # include <sys/stat.h>
| #endif
| #ifdef STDC_HEADERS
| # include <stdlib.h>
| # include <stddef.h>
| #else
| # ifdef HAVE_STDLIB_H
| #  include <stdlib.h>
| # endif
| #endif
| #ifdef HAVE_STRING_H
| # if !defined STDC_HEADERS && defined HAVE_MEMORY_H
| #  include <memory.h>
| # endif
| # include <string.h>
| #endif
| #ifdef HAVE_STRINGS_H
| # include <strings.h>
| #endif
| #ifdef HAVE_INTTYPES_H
| # include <inttypes.h>
| #endif
| #ifdef HAVE_STDINT_H
| # include <stdint.h>
| #endif
| #ifdef HAVE_UNISTD_H
| # include <unistd.h>
| #endif
| int
| main ()
| {
| if (sizeof ((size_t)))
| 	  return 0;
|   ;
|   return 0;
| }
configure:5227: result: yes
configure:5240: checking for uint16_t
configure:5271: gcc -c -g -O0 -Werror  conftest.c >&5
configure:5278: $? = 0
configure:5299: result: yes
configure:5313: checking for uint32_t
configure:5344: gcc -c -g -O0 -Werror  conftest.c >&5
configure:5351: $? = 0
configure:5372: result: yes
configure:5390: checking for uint64_t
configure:5421: gcc -c -g -O0 -Werror  conftest.c >&5
configure:5428: $? = 0
configure:5449: result: yes
configure:5467: checking for uint8_t
configure:5498: gcc -c -g -O0 -Werror  conftest.c >&5
configure:5505: $? = 0
configure:5526: result: yes
configure:5552: checking for stdlib.h
configure:5559: result: yes
configure:5552: checking for unistd.h
configure:5559: result: yes
configure:5702: checking for getpagesize
configure:5758: gcc -o conftest -g -O0 -Werror   conftest.c -lpthread  >&5
configure:5765: $? = 0
configure:5787: result: yes
configure:5799: checking for working mmap
configure:5946: gcc -o conftest -g -O0 -Werror   conftest.c -lpthread  >&5
configure:5950: $? = 0
configure:5956: ./conftest
configure:5960: $? = 0
configure:5977: result: yes
configure:5998: checking for ftruncate
configure:6054: gcc -o conftest -g -O0 -Werror   conftest.c -lpthread  >&5
configure:6061: $? = 0
configure:6083: result: yes
configure:5998: checking for getpagesize
configure:6083: result: yes
configure:5998: checking for memset
configure:6054: gcc -o conftest -g -O0 -Werror   conftest.c -lpthread  >&5
cc1: warnings being treated as errors
conftest.c:60: error: conflicting types for built-in function 'memset'
configure:6061: $? = 1
configure: failed program was:
| /* confdefs.h.  */
| #define PACKAGE_NAME "stp"
| #define PACKAGE_TARNAME "stp"
| #define PACKAGE_VERSION "1.0"
| #define PACKAGE_STRING "stp 1.0"
| #define PACKAGE_BUGREPORT "lvpengcheng6300@gmail.com"
| #define PACKAGE "stp"
| #define VERSION "1.0"
| #define STDC_HEADERS 1
| #define HAVE_SYS_TYPES_H 1
| #define HAVE_SYS_STAT_H 1
| #define HAVE_STDLIB_H 1
| #define HAVE_STRING_H 1
| #define HAVE_MEMORY_H 1
| #define HAVE_STRINGS_H 1
| #define HAVE_INTTYPES_H 1
| #define HAVE_STDINT_H 1
| #define HAVE_UNISTD_H 1
| #define HAVE_FCNTL_H 1
| #define HAVE_LIMITS_H 1
| #define HAVE_STDINT_H 1
| #define HAVE_STDLIB_H 1
| #define HAVE_STRING_H 1
| #define HAVE_UNISTD_H 1
| #define HAVE_SYS_MMAN_H 1
| #define HAVE_PTHREAD_H 1
| #define HAVE_SYS_TYPES_H 1
| #define HAVE_SEMAPHORE_H 1
| #define HAVE_SYS_STAT_H 1
| #define HAVE_STDLIB_H 1
| #define HAVE_UNISTD_H 1
| #define HAVE_GETPAGESIZE 1
| #define HAVE_MMAP 1
| #define HAVE_FTRUNCATE 1
| #define HAVE_GETPAGESIZE 1
| /* end confdefs.h.  */
| /* Define memset to an innocuous variant, in case <limits.h> declares memset.
|    For example, HP-UX 11i <limits.h> declares gettimeofday.  */
| #define memset innocuous_memset
| 
| /* System header to define __stub macros and hopefully few prototypes,
|     which can conflict with char memset (); below.
|     Prefer <limits.h> to <assert.h> if __STDC__ is defined, since
|     <limits.h> exists even on freestanding compilers.  */
| 
| #ifdef __STDC__
| # include <limits.h>
| #else
| # include <assert.h>
| #endif
| 
| #undef memset
| 
| /* Override any GCC internal prototype to avoid an error.
|    Use char because int might match the return type of a GCC
|    builtin and then its argument prototype would still apply.  */
| #ifdef __cplusplus
| extern "C"
| #endif
| char memset ();
| /* The GNU C library defines this for functions which it implements
|     to always fail with ENOSYS.  Some functions are actually named
|     something starting with __ and the normal name is an alias.  */
| #if defined __stub_memset || defined __stub___memset
| choke me
| #endif
| 
| int
| main ()
| {
| return memset ();
|   ;
|   return 0;
| }
configure:6083: result: no
configure:5998: checking for munmap
configure:6054: gcc -o conftest -g -O0 -Werror   conftest.c -lpthread  >&5
configure:6061: $? = 0
configure:6083: result: yes
configure:5998: checking for strerror
configure:6054: gcc -o conftest -g -O0 -Werror   conftest.c -lpthread  >&5
configure:6061: $? = 0
configure:6083: result: yes
configure:5998: checking for calloc
configure:6054: gcc -o conftest -g -O0 -Werror   conftest.c -lpthread  >&5
cc1: warnings being treated as errors
conftest.c:62: error: conflicting types for built-in function 'calloc'
configure:6061: $? = 1
configure: failed program was:
| /* confdefs.h.  */
| #define PACKAGE_NAME "stp"
| #define PACKAGE_TARNAME "stp"
| #define PACKAGE_VERSION "1.0"
| #define PACKAGE_STRING "stp 1.0"
| #define PACKAGE_BUGREPORT "lvpengcheng6300@gmail.com"
| #define PACKAGE "stp"
| #define VERSION "1.0"
| #define STDC_HEADERS 1
| #define HAVE_SYS_TYPES_H 1
| #define HAVE_SYS_STAT_H 1
| #define HAVE_STDLIB_H 1
| #define HAVE_STRING_H 1
| #define HAVE_MEMORY_H 1
| #define HAVE_STRINGS_H 1
| #define HAVE_INTTYPES_H 1
| #define HAVE_STDINT_H 1
| #define HAVE_UNISTD_H 1
| #define HAVE_FCNTL_H 1
| #define HAVE_LIMITS_H 1
| #define HAVE_STDINT_H 1
| #define HAVE_STDLIB_H 1
| #define HAVE_STRING_H 1
| #define HAVE_UNISTD_H 1
| #define HAVE_SYS_MMAN_H 1
| #define HAVE_PTHREAD_H 1
| #define HAVE_SYS_TYPES_H 1
| #define HAVE_SEMAPHORE_H 1
| #define HAVE_SYS_STAT_H 1
| #define HAVE_STDLIB_H 1
| #define HAVE_UNISTD_H 1
| #define HAVE_GETPAGESIZE 1
| #define HAVE_MMAP 1
| #define HAVE_FTRUNCATE 1
| #define HAVE_GETPAGESIZE 1
| #define HAVE_MUNMAP 1
| #define HAVE_STRERROR 1
| /* end confdefs.h.  */
| /* Define calloc to an innocuous variant, in case <limits.h> declares calloc.
|    For example, HP-UX 11i <limits.h> declares gettimeofday.  */
| #define calloc innocuous_calloc
| 
| /* System header to define __stub macros and hopefully few prototypes,
|     which can conflict with char calloc (); below.
|     Prefer <limits.h> to <assert.h> if __STDC__ is defined, since
|     <limits.h> exists even on freestanding compilers.  */
| 
| #ifdef __STDC__
| # include <limits.h>
| #else
| # include <assert.h>
| #endif
| 
| #undef calloc
| 
| /* Override any GCC internal prototype to avoid an error.
|    Use char because int might match the return type of a GCC
|    builtin and then its argument prototype would still apply.  */
| #ifdef __cplusplus
| extern "C"
| #endif
| char calloc ();
| /* The GNU C library defines this for functions which it implements
|     to always fail with ENOSYS.  Some functions are actually named
|     something starting with __ and the normal name is an alias.  */
| #if defined __stub_calloc || defined __stub___calloc
| choke me
| #endif
| 
| int
| main ()
| {
| return calloc ();
|   ;
|   return 0;
| }
configure:6083: result: no
configure:5998: checking for free
configure:6054: gcc -o conftest -g -O0 -Werror   conftest.c -lpthread  >&5
cc1: warnings being treated as errors
conftest.c:62: error: conflicting types for built-in function 'free'
configure:6061: $? = 1
configure: failed program was:
| /* confdefs.h.  */
| #define PACKAGE_NAME "stp"
| #define PACKAGE_TARNAME "stp"
| #define PACKAGE_VERSION "1.0"
| #define PACKAGE_STRING "stp 1.0"
| #define PACKAGE_BUGREPORT "lvpengcheng6300@gmail.com"
| #define PACKAGE "stp"
| #define VERSION "1.0"
| #define STDC_HEADERS 1
| #define HAVE_SYS_TYPES_H 1
| #define HAVE_SYS_STAT_H 1
| #define HAVE_STDLIB_H 1
| #define HAVE_STRING_H 1
| #define HAVE_MEMORY_H 1
| #define HAVE_STRINGS_H 1
| #define HAVE_INTTYPES_H 1
| #define HAVE_STDINT_H 1
| #define HAVE_UNISTD_H 1
| #define HAVE_FCNTL_H 1
| #define HAVE_LIMITS_H 1
| #define HAVE_STDINT_H 1
| #define HAVE_STDLIB_H 1
| #define HAVE_STRING_H 1
| #define HAVE_UNISTD_H 1
| #define HAVE_SYS_MMAN_H 1
| #define HAVE_PTHREAD_H 1
| #define HAVE_SYS_TYPES_H 1
| #define HAVE_SEMAPHORE_H 1
| #define HAVE_SYS_STAT_H 1
| #define HAVE_STDLIB_H 1
| #define HAVE_UNISTD_H 1
| #define HAVE_GETPAGESIZE 1
| #define HAVE_MMAP 1
| #define HAVE_FTRUNCATE 1
| #define HAVE_GETPAGESIZE 1
| #define HAVE_MUNMAP 1
| #define HAVE_STRERROR 1
| /* end confdefs.h.  */
| /* Define free to an innocuous variant, in case <limits.h> declares free.
|    For example, HP-UX 11i <limits.h> declares gettimeofday.  */
| #define free innocuous_free
| 
| /* System header to define __stub macros and hopefully few prototypes,
|     which can conflict with char free (); below.
|     Prefer <limits.h> to <assert.h> if __STDC__ is defined, since
|     <limits.h> exists even on freestanding compilers.  */
| 
| #ifdef __STDC__
| # include <limits.h>
| #else
| # include <assert.h>
| #endif
| 
| #undef free
| 
| /* Override any GCC internal prototype to avoid an error.
|    Use char because int might match the return type of a GCC
|    builtin and then its argument prototype would still apply.  */
| #ifdef __cplusplus
| extern "C"
| #endif
| char free ();
| /* The GNU C library defines this for functions which it implements
|     to always fail with ENOSYS.  Some functions are actually named
|     something starting with __ and the normal name is an alias.  */
| #if defined __stub_free || defined __stub___free
| choke me
| #endif
| 
| int
| main ()
| {
| return free ();
|   ;
|   return 0;
| }
configure:6083: result: no
configure:6200: creating ./config.status

## ---------------------- ##
## Running config.status. ##
## ---------------------- ##

This file was extended by stp config.status 1.0, which was
generated by GNU Autoconf 2.63.  Invocation command line was

  CONFIG_FILES    = 
  CONFIG_HEADERS  = 
  CONFIG_LINKS    = 
  CONFIG_COMMANDS = 
  $ ./config.status 

on C-T-store-27

config.status:772: creating Makefile
config.status:772: creating lib/Makefile
config.status:772: creating test/Makefile
config.status:772: creating config.h
config.status:994: config.h is unchanged

## ---------------- ##
## Cache variables. ##
## ---------------- ##

ac_cv_c_compiler_gnu=yes
ac_cv_c_inline=inline
ac_cv_c_int16_t=yes
ac_cv_c_int32_t=yes
ac_cv_c_int64_t=yes
ac_cv_c_int8_t=yes
ac_cv_c_uint16_t=yes
ac_cv_c_uint32_t=yes
ac_cv_c_uint64_t=yes
ac_cv_c_uint8_t=yes
ac_cv_env_CC_set=
ac_cv_env_CC_value=
ac_cv_env_CFLAGS_set=
ac_cv_env_CFLAGS_value=
ac_cv_env_CPPFLAGS_set=
ac_cv_env_CPPFLAGS_value=
ac_cv_env_CPP_set=
ac_cv_env_CPP_value=
ac_cv_env_LDFLAGS_set=
ac_cv_env_LDFLAGS_value=
ac_cv_env_LIBS_set=
ac_cv_env_LIBS_value=
ac_cv_env_build_alias_set=
ac_cv_env_build_alias_value=
ac_cv_env_host_alias_set=
ac_cv_env_host_alias_value=
ac_cv_env_target_alias_set=
ac_cv_env_target_alias_value=
ac_cv_func_calloc=no
ac_cv_func_free=no
ac_cv_func_ftruncate=yes
ac_cv_func_getpagesize=yes
ac_cv_func_memset=no
ac_cv_func_mmap_fixed_mapped=yes
ac_cv_func_munmap=yes
ac_cv_func_strerror=yes
ac_cv_header_fcntl_h=yes
ac_cv_header_inttypes_h=yes
ac_cv_header_limits_h=yes
ac_cv_header_memory_h=yes
ac_cv_header_pthread_h=yes
ac_cv_header_semaphore_h=yes
ac_cv_header_stdc=yes
ac_cv_header_stdint_h=yes
ac_cv_header_stdlib_h=yes
ac_cv_header_string_h=yes
ac_cv_header_strings_h=yes
ac_cv_header_sys_mman_h=yes
ac_cv_header_sys_stat_h=yes
ac_cv_header_sys_types_h=yes
ac_cv_header_unistd_h=yes
ac_cv_objext=o
ac_cv_path_EGREP='/usr/bin/grep -E'
ac_cv_path_GREP=/usr/bin/grep
ac_cv_path_install='/usr/bin/install -c'
ac_cv_path_mkdir=/bin/mkdir
ac_cv_prog_AWK=gawk
ac_cv_prog_CPP='gcc -E'
ac_cv_prog_ac_ct_CC=gcc
ac_cv_prog_ac_ct_RANLIB=ranlib
ac_cv_prog_cc_c89=
ac_cv_prog_cc_g=yes
ac_cv_prog_cc_gcc_c_o=yes
ac_cv_prog_make_make_set=yes
ac_cv_search_pthread_create=-lpthread
ac_cv_type_mode_t=yes
ac_cv_type_off_t=yes
ac_cv_type_size_t=yes

## ----------------- ##
## Output variables. ##
## ----------------- ##

ACLOCAL='${SHELL} /home/lpc/sw/stp_sw/missing --run aclocal-1.10'
AMTAR='${SHELL} /home/lpc/sw/stp_sw/missing --run tar'
AUTOCONF='${SHELL} /home/lpc/sw/stp_sw/missing --run autoconf'
AUTOHEADER='${SHELL} /home/lpc/sw/stp_sw/missing --run autoheader'
AUTOMAKE='${SHELL} /home/lpc/sw/stp_sw/missing --run automake-1.10'
AWK='gawk'
CC='gcc'
CFLAGS='-g -O0 -Werror'
CPP='gcc -E'
CPPFLAGS=''
CYGPATH_W='echo'
DEFS='-DHAVE_CONFIG_H'
ECHO_C=''
ECHO_N='-n'
ECHO_T=''
EGREP='/usr/bin/grep -E'
EXEEXT=''
GREP='/usr/bin/grep'
INSTALL_DATA='${INSTALL} -m 644'
INSTALL_PROGRAM='${INSTALL}'
INSTALL_SCRIPT='${INSTALL}'
INSTALL_STRIP_PROGRAM='$(install_sh) -c -s'
LDFLAGS=''
LIBOBJS=''
LIBS='-lpthread '
LTLIBOBJS=''
MAKEINFO='${SHELL} /home/lpc/sw/stp_sw/missing --run makeinfo'
MKDIR_P='/bin/mkdir -p'
OBJEXT='o'
PACKAGE='stp'
PACKAGE_BUGREPORT='lvpengcheng6300@gmail.com'
PACKAGE_NAME='stp'
PACKAGE_STRING='stp 1.0'
PACKAGE_TARNAME='stp'
PACKAGE_VERSION='1.0'
PATH_SEPARATOR=':'
RANLIB='ranlib'
SET_MAKE=''
SHELL='/bin/sh'
STRIP=''
VERSION='1.0'
ac_ct_CC='gcc'
am__isrc=''
am__leading_dot='.'
am__tar='${AMTAR} chof - "$$tardir"'
am__untar='${AMTAR} xf -'
bindir='${exec_prefix}/bin'
build_alias=''
datadir='${datarootdir}'
datarootdir='${prefix}/share'
docdir='${datarootdir}/doc/${PACKAGE_TARNAME}'
dvidir='${docdir}'
exec_prefix='${prefix}'
host_alias=''
htmldir='${docdir}'
includedir='${prefix}/include'
infodir='${datarootdir}/info'
install_sh='$(SHELL) /home/lpc/sw/stp_sw/install-sh'
libdir='${exec_prefix}/lib'
libexecdir='${exec_prefix}/libexec'
localedir='${datarootdir}/locale'
localstatedir='${prefix}/var'
mandir='${datarootdir}/man'
mkdir_p='/bin/mkdir -p'
oldincludedir='/usr/include'
pdfdir='${docdir}'
prefix='/usr/local'
program_transform_name='s,x,x,'
psdir='${docdir}'
sbindir='${exec_prefix}/sbin'
sharedstatedir='${prefix}/com'
subdirs='lib test'
sysconfdir='${prefix}/etc'
target_alias=''

## ----------- ##
## confdefs.h. ##
## ----------- ##

#define PACKAGE_NAME "stp"
#define PACKAGE_TARNAME "stp"
#define PACKAGE_VERSION "1.0"
#define PACKAGE_STRING "stp 1.0"
#define PACKAGE_BUGREPORT "lvpengcheng6300@gmail.com"
#define PACKAGE "stp"
#define VERSION "1.0"
#define STDC_HEADERS 1
#define HAVE_SYS_TYPES_H 1
#define HAVE_SYS_STAT_H 1
#define HAVE_STDLIB_H 1
#define HAVE_STRING_H 1
#define HAVE_MEMORY_H 1
#define HAVE_STRINGS_H 1
#define HAVE_INTTYPES_H 1
#define HAVE_STDINT_H 1
#define HAVE_UNISTD_H 1
#define HAVE_FCNTL_H 1
#define HAVE_LIMITS_H 1
#define HAVE_STDINT_H 1
#define HAVE_STDLIB_H 1
#define HAVE_STRING_H 1
#define HAVE_UNISTD_H 1
#define HAVE_SYS_MMAN_H 1
#define HAVE_PTHREAD_H 1
#define HAVE_SYS_TYPES_H 1
#define HAVE_SEMAPHORE_H 1
#define HAVE_SYS_STAT_H 1
#define HAVE_STDLIB_H 1
#define HAVE_UNISTD_H 1
#define HAVE_GETPAGESIZE 1
#define HAVE_MMAP 1
#define HAVE_FTRUNCATE 1
#define HAVE_GETPAGESIZE 1
#define HAVE_MUNMAP 1
#define HAVE_STRERROR 1

configure: exit 0

## ---------------------- ##
## Running config.status. ##
## ---------------------- ##

This file was extended by stp config.status 1.0, which was
generated by GNU Autoconf 2.63.  Invocation command line was

  CONFIG_FILES    = 
  CONFIG_HEADERS  = 
  CONFIG_LINKS    = 
  CONFIG_COMMANDS = 
  $ ./config.status config.h

on C-T-store-27

config.status:772: creating config.h
config.status:994: config.h is unchanged
